{"synthetic": false,
 "schemaVersion": "2025-09-10",
 "outputs":
 {"o": ["57650ef07f603830.olean"],
  "i": "f91fb5458a897cfa.ilean",
  "c": "c6ccacf218b174ab.c"},
 "log":
 [{"message":
   ".> LEAN_PATH=/home/mou/Desktop/Personal/Org/Lean/helloWorld/Greeting/.lake/build/lib/lean /home/mou/.elan/toolchains/leanprover--lean4-nightly---nightly-2026-01-07/bin/lean /home/mou/Desktop/Personal/Org/Lean/helloWorld/Greeting/Main.lean -o /home/mou/Desktop/Personal/Org/Lean/helloWorld/Greeting/.lake/build/lib/lean/Main.olean -i /home/mou/Desktop/Personal/Org/Lean/helloWorld/Greeting/.lake/build/lib/lean/Main.ilean -c /home/mou/Desktop/Personal/Org/Lean/helloWorld/Greeting/.lake/build/ir/Main.c --setup /home/mou/Desktop/Personal/Org/Lean/helloWorld/Greeting/.lake/build/ir/Main.setup.json --json",
   "level": "trace"}],
 "inputs":
 [["Main:deps",
   [["deps",
     [["greeting/greeting:extraDep",
       [["@greeting:extraDep", "00000000000006bb"]]],
      ["imports",
       [["Greeting transitive imports (legacy)", "00ff644549647177"],
        ["Greeting:importAllArts", "ece60ea6bf2cfd6d"],
        ["Greeting.Smile transitive imports (legacy)", "00000000000006bb"],
        ["Greeting.Smile:importAllArts", "b8e68195884db3ee"]]]]],
    ["libs",
     [["import dynlibs", "00000000000006bb"],
      ["package external libraries", "00000000000006bb"],
      ["module dynlibs", "00000000000006bb"],
      ["module plugins", "00000000000006bb"]]]]],
  ["Lean 4.28.0, commit ff87bcb8e57caeee38aa1dd05a212c0b2c51a902",
   "13a94847ee021cbc"],
  ["/home/mou/Desktop/Personal/Org/Lean/helloWorld/Greeting/Main.lean",
   "e5109839ea2727ec"],
  ["options", "00000000000006bb"],
  ["Module.leanArgs: #[]", "00000000000006bb"]],
 "depHash": "daa212995540b1b3"}