{"synthetic": false,
 "schemaVersion": "2025-09-10",
 "outputs":
 {"o": ["f8e46b3398616bc4.olean"],
  "i": "3b89b89fa4a760f2.ilean",
  "c": "179c20ad380b5f59.c"},
 "log":
 [{"message":
   ".> LEAN_PATH=/home/mou/Desktop/Personal/Org/Lean/helloWorld/feline/.lake/build/lib/lean /home/mou/.elan/toolchains/leanprover--lean4-nightly---nightly-2026-01-07/bin/lean /home/mou/Desktop/Personal/Org/Lean/helloWorld/feline/Main.lean -o /home/mou/Desktop/Personal/Org/Lean/helloWorld/feline/.lake/build/lib/lean/Main.olean -i /home/mou/Desktop/Personal/Org/Lean/helloWorld/feline/.lake/build/lib/lean/Main.ilean -c /home/mou/Desktop/Personal/Org/Lean/helloWorld/feline/.lake/build/ir/Main.c --setup /home/mou/Desktop/Personal/Org/Lean/helloWorld/feline/.lake/build/ir/Main.setup.json --json",
   "level": "trace"}],
 "inputs":
 [["Main:deps",
   [["deps",
     [["feline/feline:extraDep", [["@feline:extraDep", "00000000000006bb"]]],
      ["imports", "00000000000006bb"]]],
    ["libs",
     [["import dynlibs", "00000000000006bb"],
      ["package external libraries", "00000000000006bb"],
      ["module dynlibs", "00000000000006bb"],
      ["module plugins", "00000000000006bb"]]]]],
  ["Lean 4.28.0, commit ff87bcb8e57caeee38aa1dd05a212c0b2c51a902",
   "13a94847ee021cbc"],
  ["/home/mou/Desktop/Personal/Org/Lean/helloWorld/feline/Main.lean",
   "985853e56b421b12"],
  ["options", "00000000000006bb"],
  ["Module.leanArgs: #[]", "00000000000006bb"]],
 "depHash": "3d7e96fb7a7ca380"}